Test_google_spch_clone/app/build/intermediates/manifest_merge_blame_file/debug/processDebugMainManifest/manifest-merger-blame-debug-report.txt
1<?xml version="1.0" encoding="utf-8"?>
2<manifest xmlns:android="http://schemas.android.com/apk/res/android"
3    package="com.google.audio.hearing.visualization.accessibility.scribe.clone"
4    android:targetSdkVersion="36"
5    android:versionCode="200000"
6    android:versionName="1.0-clone" >
7
8    <uses-sdk
9        android:minSdkVersion="26"
10        android:targetSdkVersion="36" />
11
12    <!-- Microphone access -->
13    <uses-permission android:name="android.permission.RECORD_AUDIO" />
13-->src/main/AndroidManifest.xml:7:5-71
13-->src/main/AndroidManifest.xml:7:22-68
14    <!-- Overlay for sound notifications -->
15    <uses-permission android:name="android.permission.SYSTEM_ALERT_WINDOW" />
15-->src/main/AndroidManifest.xml:9:5-78
15-->src/main/AndroidManifest.xml:9:22-75
16    <!-- Context for transcriptions -->
17    <uses-permission android:name="android.permission.QUERY_ALL_PACKAGES" />
17-->src/main/AndroidManifest.xml:11:5-77
17-->src/main/AndroidManifest.xml:11:22-74
18    <!-- External microphone support -->
19    <uses-permission android:name="android.permission.BLUETOOTH_CONNECT" />
19-->src/main/AndroidManifest.xml:13:5-76
19-->src/main/AndroidManifest.xml:13:22-73
20    <!-- Foreground service -->
21    <uses-permission android:name="android.permission.FOREGROUND_SERVICE" />
21-->src/main/AndroidManifest.xml:15:5-77
21-->src/main/AndroidManifest.xml:15:22-74
22    <uses-permission android:name="android.permission.FOREGROUND_SERVICE_MICROPHONE" />
22-->src/main/AndroidManifest.xml:16:5-88
22-->src/main/AndroidManifest.xml:16:22-85
23    <!-- Quick settings -->
24    <uses-permission android:name="android.permission.BIND_QUICK_SETTINGS_TILE" />
24-->src/main/AndroidManifest.xml:18:5-83
24-->src/main/AndroidManifest.xml:18:22-80
25    <!-- Keep CPU alive -->
26    <uses-permission android:name="android.permission.WAKE_LOCK" />
26-->src/main/AndroidManifest.xml:20:5-68
26-->src/main/AndroidManifest.xml:20:22-65
27
28    <permission
28-->[androidx.core:core:1.12.0] AndroidManifest.xml:22:5-24:47
29        android:name="com.google.audio.hearing.visualization.accessibility.scribe.clone.DYNAMIC_RECEIVER_NOT_EXPORTED_PERMISSION"
29-->[androidx.core:core:1.12.0] AndroidManifest.xml:23:9-81
30        android:protectionLevel="signature" />
30-->[androidx.core:core:1.12.0] AndroidManifest.xml:24:9-44
31
32    <uses-permission android:name="com.google.audio.hearing.visualization.accessibility.scribe.clone.DYNAMIC_RECEIVER_NOT_EXPORTED_PERMISSION" /> <!-- Although the *SdkVersion is captured in gradle build files, this is required for non gradle builds -->
32-->[androidx.core:core:1.12.0] AndroidManifest.xml:26:5-97
32-->[androidx.core:core:1.12.0] AndroidManifest.xml:26:22-94
33    <!-- <uses-sdk android:minSdkVersion="14"/> -->
34    <uses-permission android:name="android.permission.ACCESS_NETWORK_STATE" />
34-->[com.google.android.datatransport:transport-backend-cct:3.1.0] AndroidManifest.xml:25:5-79
34-->[com.google.android.datatransport:transport-backend-cct:3.1.0] AndroidManifest.xml:25:22-76
35    <uses-permission android:name="android.permission.INTERNET" />
35-->[com.google.android.datatransport:transport-backend-cct:3.1.0] AndroidManifest.xml:26:5-67
35-->[com.google.android.datatransport:transport-backend-cct:3.1.0] AndroidManifest.xml:26:22-64
36
37    <application
37-->src/main/AndroidManifest.xml:22:5-94:19
38        android:name="com.google.audio.hearing.visualization.accessibility.scribe.clone.scribe.ScribeApplication"
38-->src/main/AndroidManifest.xml:23:9-114
39        android:appComponentFactory="androidx.core.app.CoreComponentFactory"
39-->[androidx.core:core:1.12.0] AndroidManifest.xml:28:18-86
40        android:debuggable="true"
41        android:extractNativeLibs="false"
42        android:label="Live Transcribe"
42-->src/main/AndroidManifest.xml:24:9-40
43        android:supportsRtl="true" >
43-->src/main/AndroidManifest.xml:25:9-35
44
45        <!-- ============================================================ -->
46        <!-- Accessibility Service (Background listening - Dolphin) -->
47        <!-- ============================================================ -->
48        <service
48-->src/main/AndroidManifest.xml:30:9-40:19
49            android:name="com.google.audio.hearing.visualization.accessibility.scribe.clone.dolphin.DolphinAccessibilityService"
49-->src/main/AndroidManifest.xml:31:13-129
50            android:exported="true"
50-->src/main/AndroidManifest.xml:32:13-36
51            android:permission="android.permission.BIND_ACCESSIBILITY_SERVICE" >
51-->src/main/AndroidManifest.xml:33:13-79
52            <intent-filter>
52-->src/main/AndroidManifest.xml:34:13-36:29
53                <action android:name="android.accessibilityservice.AccessibilityService" />
53-->src/main/AndroidManifest.xml:35:17-92
53-->src/main/AndroidManifest.xml:35:25-89
54            </intent-filter>
55
56            <meta-data
56-->src/main/AndroidManifest.xml:37:13-39:72
57                android:name="android.accessibilityservice"
57-->src/main/AndroidManifest.xml:38:17-60
58                android:resource="@xml/accessibility_service_config" />
58-->src/main/AndroidManifest.xml:39:17-69
59        </service>
60
61        <!-- ============================================================ -->
62        <!-- Foreground Service (Microphone type - high priority) -->
63        <!-- ============================================================ -->
64        <service
64-->src/main/AndroidManifest.xml:45:9-48:40
65            android:name="com.google.audio.hearing.visualization.accessibility.scribe.clone.dolphin.DolphinForegroundService"
65-->src/main/AndroidManifest.xml:46:13-126
66            android:exported="false"
66-->src/main/AndroidManifest.xml:48:13-37
67            android:foregroundServiceType="microphone" />
67-->src/main/AndroidManifest.xml:47:13-55
68
69        <!-- ============================================================ -->
70        <!-- Quick Settings Tiles -->
71        <!-- ============================================================ -->
72        <service
72-->src/main/AndroidManifest.xml:53:9-60:19
73            android:name="com.google.audio.hearing.visualization.accessibility.scribe.clone.scribe.ScribeTileService"
73-->src/main/AndroidManifest.xml:54:13-118
74            android:exported="true"
74-->src/main/AndroidManifest.xml:55:13-36
75            android:permission="android.permission.BIND_QUICK_SETTINGS_TILE" >
75-->src/main/AndroidManifest.xml:56:13-77
76            <intent-filter>
76-->src/main/AndroidManifest.xml:57:13-59:29
77                <action android:name="android.service.quicksettings.action.QS_TILE" />
77-->src/main/AndroidManifest.xml:58:17-87
77-->src/main/AndroidManifest.xml:58:25-84
78            </intent-filter>
79        </service>
80        <service
80-->src/main/AndroidManifest.xml:62:9-69:19
81            android:name="com.google.audio.hearing.visualization.accessibility.scribe.clone.dolphin.DolphinTileService"
81-->src/main/AndroidManifest.xml:63:13-120
82            android:exported="true"
82-->src/main/AndroidManifest.xml:64:13-36
83            android:permission="android.permission.BIND_QUICK_SETTINGS_TILE" >
83-->src/main/AndroidManifest.xml:65:13-77
84            <intent-filter>
84-->src/main/AndroidManifest.xml:57:13-59:29
85                <action android:name="android.service.quicksettings.action.QS_TILE" />
85-->src/main/AndroidManifest.xml:58:17-87
85-->src/main/AndroidManifest.xml:58:25-84
86            </intent-filter>
87        </service>
88
89        <!-- ============================================================ -->
90        <!-- Main Activity (Scribe - Live Transcribe) -->
91        <!-- ============================================================ -->
92        <activity
92-->src/main/AndroidManifest.xml:74:9-84:20
93            android:name="com.google.audio.hearing.visualization.accessibility.scribe.clone.scribe.MainActivity"
93-->src/main/AndroidManifest.xml:75:13-113
94            android:configChanges="orientation|screenSize|keyboardHidden|layoutDirection|locale"
94-->src/main/AndroidManifest.xml:78:13-97
95            android:exported="true"
95-->src/main/AndroidManifest.xml:77:13-36
96            android:label="Live Transcribe"
96-->src/main/AndroidManifest.xml:76:13-44
97            android:windowSoftInputMode="adjustResize" >
97-->src/main/AndroidManifest.xml:79:13-55
98            <intent-filter>
98-->src/main/AndroidManifest.xml:80:13-83:29
99                <action android:name="android.intent.action.MAIN" />
99-->src/main/AndroidManifest.xml:81:17-69
99-->src/main/AndroidManifest.xml:81:25-66
100
101                <category android:name="android.intent.category.LAUNCHER" />
101-->src/main/AndroidManifest.xml:82:17-77
101-->src/main/AndroidManifest.xml:82:27-74
102            </intent-filter>
103        </activity>
104
105        <!-- ============================================================ -->
106        <!-- Custom Sound Recording (Personalized sounds) -->
107        <!-- ============================================================ -->
108        <activity
108-->src/main/AndroidManifest.xml:89:9-92:58
109            android:name="com.google.audio.hearing.visualization.accessibility.scribe.clone.dolphin.CustomSoundRecordingActivity"
109-->src/main/AndroidManifest.xml:90:13-130
110            android:label="Custom Sound"
110-->src/main/AndroidManifest.xml:91:13-41
111            android:windowSoftInputMode="adjustResize" />
111-->src/main/AndroidManifest.xml:92:13-55
112
113        <provider
113-->[androidx.emoji2:emoji2:1.2.0] AndroidManifest.xml:24:9-32:20
114            android:name="androidx.startup.InitializationProvider"
114-->[androidx.emoji2:emoji2:1.2.0] AndroidManifest.xml:25:13-67
115            android:authorities="com.google.audio.hearing.visualization.accessibility.scribe.clone.androidx-startup"
115-->[androidx.emoji2:emoji2:1.2.0] AndroidManifest.xml:26:13-68
116            android:exported="false" >
116-->[androidx.emoji2:emoji2:1.2.0] AndroidManifest.xml:27:13-37
117            <meta-data
117-->[androidx.emoji2:emoji2:1.2.0] AndroidManifest.xml:29:13-31:52
118                android:name="androidx.emoji2.text.EmojiCompatInitializer"
118-->[androidx.emoji2:emoji2:1.2.0] AndroidManifest.xml:30:17-75
119                android:value="androidx.startup" />
119-->[androidx.emoji2:emoji2:1.2.0] AndroidManifest.xml:31:17-49
120            <meta-data
120-->[androidx.lifecycle:lifecycle-process:2.6.1] AndroidManifest.xml:29:13-31:52
121                android:name="androidx.lifecycle.ProcessLifecycleInitializer"
121-->[androidx.lifecycle:lifecycle-process:2.6.1] AndroidManifest.xml:30:17-78
122                android:value="androidx.startup" />
122-->[androidx.lifecycle:lifecycle-process:2.6.1] AndroidManifest.xml:31:17-49
123            <meta-data
123-->[androidx.profileinstaller:profileinstaller:1.3.0] AndroidManifest.xml:29:13-31:52
124                android:name="androidx.profileinstaller.ProfileInstallerInitializer"
124-->[androidx.profileinstaller:profileinstaller:1.3.0] AndroidManifest.xml:30:17-85
125                android:value="androidx.startup" />
125-->[androidx.profileinstaller:profileinstaller:1.3.0] AndroidManifest.xml:31:17-49
126        </provider>
127
128        <receiver
128-->[androidx.profileinstaller:profileinstaller:1.3.0] AndroidManifest.xml:34:9-52:20
129            android:name="androidx.profileinstaller.ProfileInstallReceiver"
129-->[androidx.profileinstaller:profileinstaller:1.3.0] AndroidManifest.xml:35:13-76
130            android:directBootAware="false"
130-->[androidx.profileinstaller:profileinstaller:1.3.0] AndroidManifest.xml:36:13-44
131            android:enabled="true"
131-->[androidx.profileinstaller:profileinstaller:1.3.0] AndroidManifest.xml:37:13-35
132            android:exported="true"
132-->[androidx.profileinstaller:profileinstaller:1.3.0] AndroidManifest.xml:38:13-36
133            android:permission="android.permission.DUMP" >
133-->[androidx.profileinstaller:profileinstaller:1.3.0] AndroidManifest.xml:39:13-57
134            <intent-filter>
134-->[androidx.profileinstaller:profileinstaller:1.3.0] AndroidManifest.xml:40:13-42:29
135                <action android:name="androidx.profileinstaller.action.INSTALL_PROFILE" />
135-->[androidx.profileinstaller:profileinstaller:1.3.0] AndroidManifest.xml:41:17-91
135-->[androidx.profileinstaller:profileinstaller:1.3.0] AndroidManifest.xml:41:25-88
136            </intent-filter>
137            <intent-filter>
137-->[androidx.profileinstaller:profileinstaller:1.3.0] AndroidManifest.xml:43:13-45:29
138                <action android:name="androidx.profileinstaller.action.SKIP_FILE" />
138-->[androidx.profileinstaller:profileinstaller:1.3.0] AndroidManifest.xml:44:17-85
138-->[androidx.profileinstaller:profileinstaller:1.3.0] AndroidManifest.xml:44:25-82
139            </intent-filter>
140            <intent-filter>
140-->[androidx.profileinstaller:profileinstaller:1.3.0] AndroidManifest.xml:46:13-48:29
141                <action android:name="androidx.profileinstaller.action.SAVE_PROFILE" />
141-->[androidx.profileinstaller:profileinstaller:1.3.0] AndroidManifest.xml:47:17-88
141-->[androidx.profileinstaller:profileinstaller:1.3.0] AndroidManifest.xml:47:25-85
142            </intent-filter>
143            <intent-filter>
143-->[androidx.profileinstaller:profileinstaller:1.3.0] AndroidManifest.xml:49:13-51:29
144                <action android:name="androidx.profileinstaller.action.BENCHMARK_OPERATION" />
144-->[androidx.profileinstaller:profileinstaller:1.3.0] AndroidManifest.xml:50:17-95
144-->[androidx.profileinstaller:profileinstaller:1.3.0] AndroidManifest.xml:50:25-92
145            </intent-filter>
146        </receiver>
147
148        <service
148-->[com.google.android.datatransport:transport-backend-cct:3.1.0] AndroidManifest.xml:29:9-35:19
149            android:name="com.google.android.datatransport.runtime.backends.TransportBackendDiscovery"
149-->[com.google.android.datatransport:transport-backend-cct:3.1.0] AndroidManifest.xml:30:13-103
150            android:exported="false" >
150-->[com.google.android.datatransport:transport-backend-cct:3.1.0] AndroidManifest.xml:31:13-37
151            <meta-data
151-->[com.google.android.datatransport:transport-backend-cct:3.1.0] AndroidManifest.xml:32:13-34:39
152                android:name="backend:com.google.android.datatransport.cct.CctBackendFactory"
152-->[com.google.android.datatransport:transport-backend-cct:3.1.0] AndroidManifest.xml:33:17-94
153                android:value="cct" />
153-->[com.google.android.datatransport:transport-backend-cct:3.1.0] AndroidManifest.xml:34:17-36
154        </service>
155        <service
155-->[com.google.android.datatransport:transport-runtime:3.1.0] AndroidManifest.xml:26:9-30:19
156            android:name="com.google.android.datatransport.runtime.scheduling.jobscheduling.JobInfoSchedulerService"
156-->[com.google.android.datatransport:transport-runtime:3.1.0] AndroidManifest.xml:27:13-117
157            android:exported="false"
157-->[com.google.android.datatransport:transport-runtime:3.1.0] AndroidManifest.xml:28:13-37
158            android:permission="android.permission.BIND_JOB_SERVICE" >
158-->[com.google.android.datatransport:transport-runtime:3.1.0] AndroidManifest.xml:29:13-69
159        </service>
160
161        <receiver
161-->[com.google.android.datatransport:transport-runtime:3.1.0] AndroidManifest.xml:32:9-34:40
162            android:name="com.google.android.datatransport.runtime.scheduling.jobscheduling.AlarmManagerSchedulerBroadcastReceiver"
162-->[com.google.android.datatransport:transport-runtime:3.1.0] AndroidManifest.xml:33:13-132
163            android:exported="false" />
163-->[com.google.android.datatransport:transport-runtime:3.1.0] AndroidManifest.xml:34:13-37
164    </application>
165
166</manifest>